<?xml version="1.0" encoding="UTF-8"?>
<testsuite name="com.timjlee.letsboot.springboot.web.PostsApiControllerTest" tests="1" skipped="0" failures="0" errors="0" timestamp="2020-04-09T07:42:41" hostname="LAPTOP-5PLA2SUT" time="1.384">
  <properties/>
  <testcase name="Posts_수정된다" classname="com.timjlee.letsboot.springboot.web.PostsApiControllerTest" time="1.384"/>
  <system-out><![CDATA[16:42:32.973 [Test worker] DEBUG org.springframework.test.context.junit4.SpringJUnit4ClassRunner - SpringJUnit4ClassRunner constructor called with [class com.timjlee.letsboot.springboot.web.PostsApiControllerTest]
16:42:32.991 [Test worker] DEBUG org.springframework.test.context.BootstrapUtils - Instantiating CacheAwareContextLoaderDelegate from class [org.springframework.test.context.cache.DefaultCacheAwareContextLoaderDelegate]
16:42:33.014 [Test worker] DEBUG org.springframework.test.context.BootstrapUtils - Instantiating BootstrapContext using constructor [public org.springframework.test.context.support.DefaultBootstrapContext(java.lang.Class,org.springframework.test.context.CacheAwareContextLoaderDelegate)]
16:42:33.043 [Test worker] DEBUG org.springframework.test.context.BootstrapUtils - Instantiating TestContextBootstrapper for test class [com.timjlee.letsboot.springboot.web.PostsApiControllerTest] from class [org.springframework.boot.test.context.SpringBootTestContextBootstrapper]
16:42:33.078 [Test worker] INFO org.springframework.boot.test.context.SpringBootTestContextBootstrapper - Neither @ContextConfiguration nor @ContextHierarchy found for test class [com.timjlee.letsboot.springboot.web.PostsApiControllerTest], using SpringBootContextLoader
16:42:33.091 [Test worker] DEBUG org.springframework.test.context.support.AbstractContextLoader - Did not detect default resource location for test class [com.timjlee.letsboot.springboot.web.PostsApiControllerTest]: class path resource [com/timjlee/letsboot/springboot/web/PostsApiControllerTest-context.xml] does not exist
16:42:33.092 [Test worker] DEBUG org.springframework.test.context.support.AbstractContextLoader - Did not detect default resource location for test class [com.timjlee.letsboot.springboot.web.PostsApiControllerTest]: class path resource [com/timjlee/letsboot/springboot/web/PostsApiControllerTestContext.groovy] does not exist
16:42:33.092 [Test worker] INFO org.springframework.test.context.support.AbstractContextLoader - Could not detect default resource locations for test class [com.timjlee.letsboot.springboot.web.PostsApiControllerTest]: no resource found for suffixes {-context.xml, Context.groovy}.
16:42:33.094 [Test worker] INFO org.springframework.test.context.support.AnnotationConfigContextLoaderUtils - Could not detect default configuration classes for test class [com.timjlee.letsboot.springboot.web.PostsApiControllerTest]: PostsApiControllerTest does not declare any static, non-private, non-final, nested classes annotated with @Configuration.
16:42:33.164 [Test worker] DEBUG org.springframework.test.context.support.ActiveProfilesUtils - Could not find an 'annotation declaring class' for annotation type [org.springframework.test.context.ActiveProfiles] and class [com.timjlee.letsboot.springboot.web.PostsApiControllerTest]
16:42:33.293 [Test worker] DEBUG org.springframework.context.annotation.ClassPathScanningCandidateComponentProvider - Identified candidate component class: file [C:\Univ\Project\SpringBoot-study\Lets-boot\build\classes\java\main\com\timjlee\letsboot\springboot\Application.class]
16:42:33.295 [Test worker] INFO org.springframework.boot.test.context.SpringBootTestContextBootstrapper - Found @SpringBootConfiguration com.timjlee.letsboot.springboot.Application for test class com.timjlee.letsboot.springboot.web.PostsApiControllerTest
16:42:33.416 [Test worker] DEBUG org.springframework.boot.test.context.SpringBootTestContextBootstrapper - @TestExecutionListeners is not present for class [com.timjlee.letsboot.springboot.web.PostsApiControllerTest]: using defaults.
16:42:33.418 [Test worker] INFO org.springframework.boot.test.context.SpringBootTestContextBootstrapper - Loaded default TestExecutionListener class names from location [META-INF/spring.factories]: [org.springframework.boot.test.autoconfigure.restdocs.RestDocsTestExecutionListener, org.springframework.boot.test.autoconfigure.web.client.MockRestServiceServerResetTestExecutionListener, org.springframework.boot.test.autoconfigure.web.servlet.MockMvcPrintOnlyOnFailureTestExecutionListener, org.springframework.boot.test.autoconfigure.web.servlet.WebDriverTestExecutionListener, org.springframework.boot.test.mock.mockito.MockitoTestExecutionListener, org.springframework.boot.test.mock.mockito.ResetMocksTestExecutionListener, org.springframework.test.context.web.ServletTestExecutionListener, org.springframework.test.context.support.DirtiesContextBeforeModesTestExecutionListener, org.springframework.test.context.support.DependencyInjectionTestExecutionListener, org.springframework.test.context.support.DirtiesContextTestExecutionListener, org.springframework.test.context.transaction.TransactionalTestExecutionListener, org.springframework.test.context.jdbc.SqlScriptsTestExecutionListener]
16:42:33.447 [Test worker] INFO org.springframework.boot.test.context.SpringBootTestContextBootstrapper - Using TestExecutionListeners: [org.springframework.test.context.web.ServletTestExecutionListener@76e6097b, org.springframework.test.context.support.DirtiesContextBeforeModesTestExecutionListener@3b5d27, org.springframework.boot.test.mock.mockito.MockitoTestExecutionListener@3d72b8a8, org.springframework.boot.test.autoconfigure.SpringBootDependencyInjectionTestExecutionListener@3aaeabf6, org.springframework.test.context.support.DirtiesContextTestExecutionListener@7c45c009, org.springframework.test.context.transaction.TransactionalTestExecutionListener@264d68c3, org.springframework.test.context.jdbc.SqlScriptsTestExecutionListener@e52235a, org.springframework.boot.test.autoconfigure.restdocs.RestDocsTestExecutionListener@416cd87d, org.springframework.boot.test.autoconfigure.web.client.MockRestServiceServerResetTestExecutionListener@13fb1dd1, org.springframework.boot.test.autoconfigure.web.servlet.MockMvcPrintOnlyOnFailureTestExecutionListener@5ebd741d, org.springframework.boot.test.autoconfigure.web.servlet.WebDriverTestExecutionListener@41ead463, org.springframework.boot.test.mock.mockito.ResetMocksTestExecutionListener@66625313]
16:42:33.452 [Test worker] DEBUG org.springframework.test.annotation.ProfileValueUtils - Retrieved @ProfileValueSourceConfiguration [null] for test class [com.timjlee.letsboot.springboot.web.PostsApiControllerTest]
16:42:33.452 [Test worker] DEBUG org.springframework.test.annotation.ProfileValueUtils - Retrieved ProfileValueSource type [class org.springframework.test.annotation.SystemProfileValueSource] for class [com.timjlee.letsboot.springboot.web.PostsApiControllerTest]
16:42:33.462 [Test worker] DEBUG org.springframework.test.annotation.ProfileValueUtils - Retrieved @ProfileValueSourceConfiguration [null] for test class [com.timjlee.letsboot.springboot.web.PostsApiControllerTest]
16:42:33.462 [Test worker] DEBUG org.springframework.test.annotation.ProfileValueUtils - Retrieved ProfileValueSource type [class org.springframework.test.annotation.SystemProfileValueSource] for class [com.timjlee.letsboot.springboot.web.PostsApiControllerTest]
16:42:33.463 [Test worker] DEBUG org.springframework.test.annotation.ProfileValueUtils - Retrieved @ProfileValueSourceConfiguration [null] for test class [com.timjlee.letsboot.springboot.web.PostsApiControllerTest]
16:42:33.463 [Test worker] DEBUG org.springframework.test.annotation.ProfileValueUtils - Retrieved ProfileValueSource type [class org.springframework.test.annotation.SystemProfileValueSource] for class [com.timjlee.letsboot.springboot.web.PostsApiControllerTest]
16:42:33.471 [Test worker] DEBUG org.springframework.test.context.support.AbstractDirtiesContextTestExecutionListener - Before test class: context [DefaultTestContext@260d93b4 testClass = PostsApiControllerTest, testInstance = [null], testMethod = [null], testException = [null], mergedContextConfiguration = [WebMergedContextConfiguration@60c4a95e testClass = PostsApiControllerTest, locations = '{}', classes = '{class com.timjlee.letsboot.springboot.Application}', contextInitializerClasses = '[]', activeProfiles = '{}', propertySourceLocations = '{}', propertySourceProperties = '{org.springframework.boot.test.context.SpringBootTestContextBootstrapper=true, server.port=0}', contextCustomizers = set[org.springframework.boot.test.autoconfigure.properties.PropertyMappingContextCustomizer@0, org.springframework.boot.test.autoconfigure.web.servlet.WebDriverContextCustomizerFactory$Customizer@c2868cd, org.springframework.boot.test.context.filter.ExcludeFilterContextCustomizer@36e46c3e, org.springframework.boot.test.json.DuplicateJsonObjectContextCustomizerFactory$DuplicateJsonObjectContextCustomizer@6df6579d, org.springframework.boot.test.mock.mockito.MockitoContextCustomizer@0, org.springframework.boot.test.web.client.TestRestTemplateContextCustomizer@1d9629b8], resourceBasePath = 'src/main/webapp', contextLoader = 'org.springframework.boot.test.context.SpringBootContextLoader', parent = [null]], attributes = map['org.springframework.test.context.web.ServletTestExecutionListener.activateListener' -> false]], class annotated with @DirtiesContext [false] with mode [null].
16:42:33.472 [Test worker] DEBUG org.springframework.test.annotation.ProfileValueUtils - Retrieved @ProfileValueSourceConfiguration [null] for test class [com.timjlee.letsboot.springboot.web.PostsApiControllerTest]
16:42:33.472 [Test worker] DEBUG org.springframework.test.annotation.ProfileValueUtils - Retrieved ProfileValueSource type [class org.springframework.test.annotation.SystemProfileValueSource] for class [com.timjlee.letsboot.springboot.web.PostsApiControllerTest]
16:42:33.478 [Test worker] DEBUG org.springframework.test.context.support.DependencyInjectionTestExecutionListener - Performing dependency injection for test context [[DefaultTestContext@260d93b4 testClass = PostsApiControllerTest, testInstance = com.timjlee.letsboot.springboot.web.PostsApiControllerTest@36e4667e, testMethod = [null], testException = [null], mergedContextConfiguration = [WebMergedContextConfiguration@60c4a95e testClass = PostsApiControllerTest, locations = '{}', classes = '{class com.timjlee.letsboot.springboot.Application}', contextInitializerClasses = '[]', activeProfiles = '{}', propertySourceLocations = '{}', propertySourceProperties = '{org.springframework.boot.test.context.SpringBootTestContextBootstrapper=true, server.port=0}', contextCustomizers = set[org.springframework.boot.test.autoconfigure.properties.PropertyMappingContextCustomizer@0, org.springframework.boot.test.autoconfigure.web.servlet.WebDriverContextCustomizerFactory$Customizer@c2868cd, org.springframework.boot.test.context.filter.ExcludeFilterContextCustomizer@36e46c3e, org.springframework.boot.test.json.DuplicateJsonObjectContextCustomizerFactory$DuplicateJsonObjectContextCustomizer@6df6579d, org.springframework.boot.test.mock.mockito.MockitoContextCustomizer@0, org.springframework.boot.test.web.client.TestRestTemplateContextCustomizer@1d9629b8], resourceBasePath = 'src/main/webapp', contextLoader = 'org.springframework.boot.test.context.SpringBootContextLoader', parent = [null]], attributes = map['org.springframework.test.context.web.ServletTestExecutionListener.activateListener' -> false]]].
16:42:33.503 [Test worker] DEBUG org.springframework.test.context.support.TestPropertySourceUtils - Adding inlined properties to environment: {spring.jmx.enabled=false, org.springframework.boot.test.context.SpringBootTestContextBootstrapper=true, server.port=0}

  .   ____          _            __ _ _
 /\\ / ___'_ __ _ _(_)_ __  __ _ \ \ \ \
( ( )\___ | '_ | '_| | '_ \/ _` | \ \ \ \
 \\/  ___)| |_)| | | | | || (_| |  ) ) ) )
  '  |____| .__|_| |_|_| |_\__, | / / / /
 =========|_|==============|___/=/_/_/_/
 :: Spring Boot ::        (v2.1.7.RELEASE)

2020-04-09 16:42:33.947  INFO 19588 --- [    Test worker] c.t.l.s.web.PostsApiControllerTest       : Starting PostsApiControllerTest on LAPTOP-5PLA2SUT with PID 19588 (started by tim04 in C:\Univ\Project\SpringBoot-study\Lets-boot)
2020-04-09 16:42:33.949  INFO 19588 --- [    Test worker] c.t.l.s.web.PostsApiControllerTest       : No active profile set, falling back to default profiles: default
2020-04-09 16:42:35.173  INFO 19588 --- [    Test worker] .s.d.r.c.RepositoryConfigurationDelegate : Bootstrapping Spring Data repositories in DEFAULT mode.
2020-04-09 16:42:35.285  INFO 19588 --- [    Test worker] .s.d.r.c.RepositoryConfigurationDelegate : Finished Spring Data repository scanning in 100ms. Found 1 repository interfaces.
2020-04-09 16:42:35.919  INFO 19588 --- [    Test worker] trationDelegate$BeanPostProcessorChecker : Bean 'org.springframework.transaction.annotation.ProxyTransactionManagementConfiguration' of type [org.springframework.transaction.annotation.ProxyTransactionManagementConfiguration$$EnhancerBySpringCGLIB$$a2211361] is not eligible for getting processed by all BeanPostProcessors (for example: not eligible for auto-proxying)
2020-04-09 16:42:37.035  INFO 19588 --- [    Test worker] o.s.b.w.embedded.tomcat.TomcatWebServer  : Tomcat initialized with port(s): 0 (http)
2020-04-09 16:42:37.101  INFO 19588 --- [    Test worker] o.apache.catalina.core.StandardService   : Starting service [Tomcat]
2020-04-09 16:42:37.101  INFO 19588 --- [    Test worker] org.apache.catalina.core.StandardEngine  : Starting Servlet engine: [Apache Tomcat/9.0.22]
2020-04-09 16:42:37.379  INFO 19588 --- [    Test worker] o.a.c.c.C.[Tomcat].[localhost].[/]       : Initializing Spring embedded WebApplicationContext
2020-04-09 16:42:37.380  INFO 19588 --- [    Test worker] o.s.web.context.ContextLoader            : Root WebApplicationContext: initialization completed in 3403 ms
2020-04-09 16:42:37.758  INFO 19588 --- [    Test worker] com.zaxxer.hikari.HikariDataSource       : HikariPool-1 - Starting...
2020-04-09 16:42:38.013  INFO 19588 --- [    Test worker] com.zaxxer.hikari.HikariDataSource       : HikariPool-1 - Start completed.
2020-04-09 16:42:38.162  INFO 19588 --- [    Test worker] o.hibernate.jpa.internal.util.LogHelper  : HHH000204: Processing PersistenceUnitInfo [
	name: default
	...]
2020-04-09 16:42:38.267  INFO 19588 --- [    Test worker] org.hibernate.Version                    : HHH000412: Hibernate Core {5.3.10.Final}
2020-04-09 16:42:38.270  INFO 19588 --- [    Test worker] org.hibernate.cfg.Environment            : HHH000206: hibernate.properties not found
2020-04-09 16:42:38.502  INFO 19588 --- [    Test worker] o.hibernate.annotations.common.Version   : HCANN000001: Hibernate Commons Annotations {5.0.4.Final}
2020-04-09 16:42:38.792  INFO 19588 --- [    Test worker] org.hibernate.dialect.Dialect            : HHH000400: Using dialect: org.hibernate.dialect.MySQL5InnoDBDialect
Hibernate: drop table if exists posts
Hibernate: create table posts (id bigint not null auto_increment, author varchar(255), content TEXT not null, title varchar(500) not null, primary key (id)) engine=InnoDB
2020-04-09 16:42:39.660  INFO 19588 --- [    Test worker] o.h.t.schema.internal.SchemaCreatorImpl  : HHH000476: Executing import script 'org.hibernate.tool.schema.internal.exec.ScriptSourceInputNonExistentImpl@4c0e3c33'
2020-04-09 16:42:39.667  INFO 19588 --- [    Test worker] j.LocalContainerEntityManagerFactoryBean : Initialized JPA EntityManagerFactory for persistence unit 'default'
2020-04-09 16:42:40.971  INFO 19588 --- [    Test worker] o.s.s.concurrent.ThreadPoolTaskExecutor  : Initializing ExecutorService 'applicationTaskExecutor'
2020-04-09 16:42:41.055  WARN 19588 --- [    Test worker] aWebConfiguration$JpaWebMvcConfiguration : spring.jpa.open-in-view is enabled by default. Therefore, database queries may be performed during view rendering. Explicitly configure spring.jpa.open-in-view to disable this warning
2020-04-09 16:42:41.687  INFO 19588 --- [    Test worker] o.s.b.w.embedded.tomcat.TomcatWebServer  : Tomcat started on port(s): 58694 (http) with context path ''
2020-04-09 16:42:41.693  INFO 19588 --- [    Test worker] c.t.l.s.web.PostsApiControllerTest       : Started PostsApiControllerTest in 8.188 seconds (JVM running for 10.24)
Hibernate: insert into posts (author, content, title) values (?, ?, ?)
2020-04-09 16:42:42.107  INFO 19588 --- [o-auto-1-exec-1] o.a.c.c.C.[Tomcat].[localhost].[/]       : Initializing Spring DispatcherServlet 'dispatcherServlet'
2020-04-09 16:42:42.107  INFO 19588 --- [o-auto-1-exec-1] o.s.web.servlet.DispatcherServlet        : Initializing Servlet 'dispatcherServlet'
2020-04-09 16:42:42.165  INFO 19588 --- [o-auto-1-exec-1] o.s.web.servlet.DispatcherServlet        : Completed initialization in 58 ms
Hibernate: select posts0_.id as id1_0_0_, posts0_.author as author2_0_0_, posts0_.content as content3_0_0_, posts0_.title as title4_0_0_ from posts posts0_ where posts0_.id=?
Hibernate: update posts set author=?, content=?, title=? where id=?
2020-04-09 16:42:42.742  INFO 19588 --- [    Test worker] o.h.h.i.QueryTranslatorFactoryInitiator  : HHH000397: Using ASTQueryTranslatorFactory
Hibernate: select posts0_.id as id1_0_, posts0_.author as author2_0_, posts0_.content as content3_0_, posts0_.title as title4_0_ from posts posts0_
Hibernate: select posts0_.id as id1_0_, posts0_.author as author2_0_, posts0_.content as content3_0_, posts0_.title as title4_0_ from posts posts0_
Hibernate: delete from posts where id=?
]]></system-out>
  <system-err><![CDATA[]]></system-err>
</testsuite>
